<?xml version="1.0" encoding="iso-8859-1"?>
<!DOCTYPE html PUBLIC "-//W3C//DTD XHTML 1.0 Transitional//EN" "http://www.w3.org/TR/xhtml1/DTD/xhtml1-transitional.dtd">
<html xmlns="http://www.w3.org/1999/xhtml">
<head>
<title>Sample XHTML Document</title>
<meta http-equiv="Content-Type" content="text/html; charset=iso-8859-1" />
</head>

<body>
<p>This is an <strong>XHTML </strong>formatted <em>document</em>.</p>
<p>You can use ordered lists, &lt;OL/&gt;, by adding list items, &lt;LI/&gt;:</p>
<ol>
  <li>To highlight enumerated items</li>
  <li>To autonumber a list</li>
  <li>To demonstrate your coding skills</li>
</ol>
<p>You can also use unordered lists, &lt;UL&gt;, by adding list items, &lt;LI/&gt;:</p>
<left:Util.in>Hey dude</left:Util.in>
<ul>
  <li>To emphasize content</li>
  <li>To facilitate faster reading</li>
  <li>To format outlines 
    <ul>
      <li>All lists have sub elements</li>
    </ul>
  </li>
</ul>
<p>Go to <a href="http://validator.w3.org/" target="_blank">http://validator.w3.org/</a> 
  to validate this XHTML</p>
</body>
</html>
